       ________
      /        \
     /          \
    /            \________
    \            /        \
     \          /          \
      \________/            \    |__| |   |__| \  /
      /        \            /    |  | |__ |  |  \/
     /          \          /
    /            \________/
    \            /
     \          /
      \________/

2022/04/01 15:32:30 ... starting hlhv queen cell
2022/04/01 15:32:30 ... reading config file
2022/04/01 15:32:30 ... arming cell wrangler on port 2001
2022/04/01 15:32:30 ... arming https server on port 4343
2022/04/01 15:32:30 ... firing
2022/04/01 15:32:30 .// startup sequence complete, resuming normal operation
       ________
      /        \
     /          \
    /            \________
    \            /        \
     \          /          \
      \________/            \    |__| |   |__| \  /
      /        \            /    |  | |__ |  |  \/
     /          \          /
    /            \________/
    \            /
     \          /
      \________/

2022/04/01 15:34:38 ... starting hlhv queen cell
2022/04/01 15:34:38 ... reading config file
2022/04/01 15:34:38 ... arming cell wrangler on port 2001
2022/04/01 15:34:38 ... arming https server on port 4343
2022/04/01 15:34:38 ... firing
2022/04/01 15:34:38 .// startup sequence complete, resuming normal operation
       ________
      /        \
     /          \
    /            \________
    \            /        \
     \          /          \
      \________/            \    |__| |   |__| \  /
      /        \            /    |  | |__ |  |  \/
     /          \          /
    /            \________/
    \            /
     \          /
      \________/

2022/04/01 15:35:05 ... starting hlhv queen cell
2022/04/01 15:35:05 ... reading config file
2022/04/01 15:35:05 ... arming cell wrangler on port 2001
2022/04/01 15:35:05 ... arming https server on port 4343
2022/04/01 15:35:05 ... firing
       ________
      /        \
     /          \
    /            \________
    \            /        \
     \          /          \
      \________/            \    |__| |   |__| \  /
      /        \            /    |  | |__ |  |  \/
     /          \          /
    /            \________/
    \            /
     \          /
      \________/

2022/04/01 15:35:09 ... starting hlhv queen cell
2022/04/01 15:35:09 ... reading config file
2022/04/01 15:35:09 ... arming cell wrangler on port 2001
2022/04/01 15:35:09 ... arming https server on port 4343
2022/04/01 15:35:26 asdjsad
       ________
      /        \
     /          \
    /            \________
    \            /        \
     \          /          \
      \________/            \    |__| |   |__| \  /
      /        \            /    |  | |__ |  |  \/
     /          \          /
    /            \________/
    \            /
     \          /
      \________/

2022/04/01 15:35:26 ... starting hlhv queen cell
2022/04/01 15:35:26 ... reading config file
2022/04/01 15:35:26 ... arming cell wrangler on port 2001
2022/04/01 15:35:26 ... arming https server on port 4343
2022/04/01 15:35:26 ... firing
2022/04/01 15:35:26 .// startup sequence complete, resuming normal operation
2022/04/01 15:35:32 asdjsad
2022/04/01 15:35:32 asdjsad
       ________
      /        \
     /          \
    /            \________
    \            /        \
     \          /          \
      \________/            \    |__| |   |__| \  /
      /        \            /    |  | |__ |  |  \/
     /          \          /
    /            \________/
    \            /
     \          /
      \________/

2022/04/01 15:35:32 ... starting hlhv queen cell
2022/04/01 15:35:32 ... reading config file
2022/04/01 15:35:32 ... arming cell wrangler on port 2001
2022/04/01 15:35:32 ... arming https server on port 4343
2022/04/01 15:35:41 asdjsad
       ________
      /        \
     /          \
    /            \________
    \            /        \
     \          /          \
      \________/            \    |__| |   |__| \  /
      /        \            /    |  | |__ |  |  \/
     /          \          /
    /            \________/
    \            /
     \          /
      \________/

2022/04/01 15:35:41 ... starting hlhv queen cell
2022/04/01 15:35:41 ... reading config file
2022/04/01 15:35:41 ... arming cell wrangler on port 2001
2022/04/01 15:35:41 ... arming https server on port 4343
2022/04/01 15:35:41 ... firing
2022/04/01 15:35:41 .// startup sequence complete, resuming normal operation
2022/04/01 15:35:49 asdjsad
       ________
      /        \
     /          \
    /            \________
    \            /        \
     \          /          \
      \________/            \    |__| |   |__| \  /
      /        \            /    |  | |__ |  |  \/
     /          \          /
    /            \________/
    \            /
     \          /
      \________/

2022/04/01 15:35:49 ... starting hlhv queen cell
2022/04/01 15:35:49 ... reading config file
2022/04/01 15:35:49 ... arming cell wrangler on port 2001
2022/04/01 15:35:49 ... arming https server on port 4343
2022/04/01 15:35:49 ... firing
2022/04/01 15:35:49 .// startup sequence complete, resuming normal operation
2022/04/01 15:35:55 asdjsad
       ________
      /        \
     /          \
    /            \________
    \            /        \
     \          /          \
      \________/            \    |__| |   |__| \  /
      /        \            /    |  | |__ |  |  \/
     /          \          /
    /            \________/
    \            /
     \          /
      \________/

2022/04/01 15:35:55 ... starting hlhv queen cell
2022/04/01 15:35:55 ... reading config file
2022/04/01 15:35:55 ... arming cell wrangler on port 2001
2022/04/01 15:35:55 ... arming https server on port 4343
2022/04/01 15:35:55 ... firing
       ________
      /        \
     /          \
    /            \________
    \            /        \
     \          /          \
      \________/            \    |__| |   |__| \  /
      /        \            /    |  | |__ |  |  \/
     /          \          /
    /            \________/
    \            /
     \          /
      \________/

2022/04/01 15:36:43 ... starting hlhv queen cell
2022/04/01 15:36:43 ... reading config file
2022/04/01 15:36:43 ... arming cell wrangler on port 2001
2022/04/01 15:36:43 ... arming https server on port 4343
2022/04/01 15:36:43 ... firing
2022/04/01 15:36:43 .// startup sequence complete, resuming normal operation
       ________
      /        \
     /          \
    /            \________
    \            /        \
     \          /          \
      \________/            \    |__| |   |__| \  /
      /        \            /    |  | |__ |  |  \/
     /          \          /
    /            \________/
    \            /
     \          /
      \________/

2022/04/01 15:36:57 ... starting hlhv queen cell
2022/04/01 15:36:57 ... reading config file
2022/04/01 15:36:57 ... arming cell wrangler on port 2001
2022/04/01 15:36:57 ... arming https server on port 4343
       ________
      /        \
     /          \
    /            \________
    \            /        \
     \          /          \
      \________/            \    |__| |   |__| \  /
      /        \            /    |  | |__ |  |  \/
     /          \          /
    /            \________/
    \            /
     \          /
      \________/

2022/04/01 15:39:44 ... starting hlhv queen cell
2022/04/01 15:39:44 ... reading config file
2022/04/01 15:39:44 ... arming cell wrangler on port 2001
2022/04/01 15:39:44 ... arming https server on port 4343
2022/04/01 15:39:44 ... firing
2022/04/01 15:39:44 .// startup sequence complete, resuming normal operation
       ________
      /        \
     /          \
    /            \________
    \            /        \
     \          /          \
      \________/            \    |__| |   |__| \  /
      /        \            /    |  | |__ |  |  \/
     /          \          /
    /            \________/
    \            /
     \          /
      \________/

2022/04/01 15:39:44 ... starting hlhv queen cell
2022/04/01 15:39:44 ... arming cell wrangler on port 2001
2022/04/01 15:39:44 ... arming https server on port 4343
2022/04/01 15:39:44 ... firing
2022/04/01 15:39:44 .// startup sequence complete, resuming normal operation
2022/04/01 15:39:44 XXX listen tcp :4343: bind: address already in use
       ________
      /        \
     /          \
    /            \________
    \            /        \
     \          /          \
      \________/            \    |__| |   |__| \  /
      /        \            /    |  | |__ |  |  \/
     /          \          /
    /            \________/
    \            /
     \          /
      \________/

2022/04/01 15:40:23 ... starting hlhv queen cell
       ________
      /        \
     /          \
    /            \________
    \            /        \
     \          /          \
      \________/            \    |__| |   |__| \  /
      /        \            /    |  | |__ |  |  \/
     /          \          /
    /            \________/
    \            /
     \          /
      \________/

2022/04/01 15:40:23 ... reading config file
2022/04/01 15:40:23 ... arming cell wrangler on port 2001
2022/04/01 15:40:23 ... arming https server on port 4343
2022/04/01 15:40:23 ... firing
2022/04/01 15:40:23 .// startup sequence complete, resuming normal operation
2022/04/01 15:40:23 ... starting hlhv queen cell
2022/04/01 15:40:23 ... reading config file
2022/04/01 15:40:23 ... arming cell wrangler on port 2001
2022/04/01 15:40:23 ... arming https server on port 4343
2022/04/01 15:40:23 ... firing
2022/04/01 15:40:23 .// startup sequence complete, resuming normal operation
2022/04/01 15:40:23 XXX listen tcp :4343: bind: address already in use
2022/04/01 15:41:29 ... starting hlhv queen cell
2022/04/01 15:41:29 ... reading config file
2022/04/01 15:41:29 ... arming cell wrangler on port 2001
2022/04/01 15:41:29 ... arming https server on port 4343
2022/04/01 15:41:29 ... firing
2022/04/01 15:41:29 .// startup sequence complete, resuming normal operation
2022/04/01 15:41:29 ... starting hlhv queen cell
2022/04/01 15:41:29 ... reading config file
2022/04/01 15:41:29 ... arming cell wrangler on port 2001
2022/04/01 15:41:29 ... arming https server on port 4343
2022/04/01 15:41:29 ... firing
2022/04/01 15:41:29 .// startup sequence complete, resuming normal operation
2022/04/01 15:41:29 XXX listen tcp :4343: bind: address already in use
